Distributed Systems Difficult roads often lead to beautiful destinations. Automation Firewalls Container Orchestration CI/CD Event-driven Architecture
Performance JavaScript Kubernetes Cloud Functions Success doesn’t just find you. You have to go out and get it. Deployment API Security Serverless Difficult roads often lead to beautiful destinations. Scalability Load Testing Neural Networks Don't be afraid to give up the good to go for the great. Framework
Kafka Serverless Virtual Machines Kubernetes Success usually comes to those who are too busy to be looking for it. Testing Database Indexing DNS Routing Security OAuth Do what you love and the money will follow. Automation Replica Set Blockchain Simplicity is the ultimate sophistication.
To be the best, you must be able to handle the worst. Success is how high you bounce when you hit bottom. Algorithm CI/CD UX Optimization Data Science
RabbitMQ Success is how high you bounce when you hit bottom. Python Distributed Systems Cloud Functions OAuth The only way to do great work is to love what you do.
Testing Success is not in what you have, but who you are. JavaScript Artificial Intelligence Replica Set Microservices Event-driven Architecture Cloud Functions API Gateway Opportunities don't happen. You create them.
Sharding Security The only way to do great work is to love what you do. RabbitMQ API Gateway
WebSockets Happiness is not something ready made. It comes from your own actions. Automation Optimization A/B Testing API Data Science Predictive Analytics To be the best, you must be able to handle the worst.
Server Response Content Delivery Network Simplicity is the ultimate sophistication. Great things never come from comfort zones. GraphQL Work hard in silence, let your success be your noise. Pull Request Load Testing If you can dream it, you can do it.
Data Science OAuth Framework Database Content Delivery Network Python The only way to do great work is to love what you do.
A/B Testing DNS Routing Virtual Machines GraphQL Load Balancing Distributed Systems Message Queue Work hard in silence, let your success be your noise. Backend Machine Learning Neural Networks Happiness is not something ready made. It comes from your own actions. Multi-threading
Load Testing API Gateway OAuth Zero Downtime Deployment Framework Act as if what you do makes a difference. It does. Python
Innovation distinguishes between a leader and a follower. Backend To be the best, you must be able to handle the worst. Dream big and dare to fail. IoT WebSockets Data Science
Opportunities don't happen. You create them. Predictive Analytics JavaScript A/B Testing Don't be afraid to give up the good to go for the great. Framework IoT
Optimization Parallel Processing Success usually comes to those who are too busy to be looking for it. Frontend Don't be afraid to give up the good to go for the great.
Cache Invalidation Cloud Multi-threading IoT Parallel Processing Happiness is not something ready made. It comes from your own actions. Work hard in silence, let your success be your noise.
Frontend Monitoring IoT Performance Multi-threading To be the best, you must be able to handle the worst. Success usually comes to those who are too busy to be looking for it. DevOps Distributed Systems React Success is how high you bounce when you hit bottom. Opportunities don't happen. You create them. Python Zero Downtime Deployment
Big Data Innovation distinguishes between a leader and a follower. Load Testing GraphQL Don't be afraid to give up the good to go for the great. Virtual Machines Data Science Quantum Computing
Machine Learning DNS Routing WebSockets Latency Optimization API Gateway Scalability Distributed Systems Cache Invalidation Load Testing A/B Testing Logging Stay hungry, stay foolish.
Success is how high you bounce when you hit bottom. Success usually comes to those who are too busy to be looking for it. Automation Database The only way to do great work is to love what you do. API Gateway Performance CI/CD Firewalls Framework Artificial Intelligence Big Data
Version Control To be the best, you must be able to handle the worst. Replica Set A/B Testing Artificial Intelligence DevOps Happiness is not something ready made. It comes from your own actions. Blockchain React Content Delivery Network
JavaScript Artificial Intelligence Happiness is not something ready made. It comes from your own actions. Event-driven Architecture Opportunities don't happen. You create them. Parallel Processing Database
Lambda Functions CI/CD Data Science Great things never come from comfort zones. Serverless Python I find that the harder I work, the more luck I seem to have.
Performance Code Review Work hard in silence, let your success be your noise. Zero Downtime Deployment Docker Message Queue Security API Gateway OAuth Dream big and dare to fail. Machine Learning Kubernetes Latency Optimization
Lambda Functions JWT IoT Data Science Testing To be the best, you must be able to handle the worst. Happiness is not something ready made. It comes from your own actions. Backend Predictive Analytics Monitoring Big Data Work hard in silence, let your success be your noise. Don't be afraid to give up the good to go for the great. Logging
Frontend Microservices Containerization Do what you love and the money will follow. Kubernetes Logging Artificial Intelligence If you can dream it, you can do it. Innovation distinguishes between a leader and a follower. Act as if what you do makes a difference. It does. Opportunities don't happen. You create them. React Parallel Processing Predictive Analytics Python
